<?xml version="1.0" encoding="UTF-8"?>
<!-- Generated by org.testng.reporters.JUnitXMLReporter -->
<testsuite ignored="1" hostname="DESKTOP-EGF8AOH" failures="0" tests="1" name="Default test" time="0.072" errors="0" timestamp="2021-09-03T00:07:22 IST">
  <testcase classname="com.vitiger.comcast.leads.Tc_02_LeadTest" name="lead2Test" time="0.012"/>
  <testcase classname="com.vitiger.comcast.leads.Tc_02_LeadTest" name="leadTest" time="0.0">
    <ignored/>
  </testcase> <!-- leadTest -->
</testsuite> <!-- Default test -->
