<?xml version="1.0" encoding="UTF-8"?>
<!-- Generated by org.testng.reporters.JUnitXMLReporter -->
<testsuite ignored="0" hostname="DESKTOP-EGF8AOH" failures="0" tests="4" name="Command line test" time="0.084" errors="0" timestamp="2021-09-03T00:10:35 IST">
  <testcase classname="com.vitiger.comcast.leads.Tc_01_OppTest" name="Opp2Test" time="0.01"/>
  <testcase classname="com.vitiger.comcast.leads.Tc_01_OppTest" name="OppTest" time="0.0"/>
  <testcase classname="com.vitiger.comcast.leads.Tc_02_LeadTest" name="lead2Test" time="0.0"/>
  <testcase classname="com.vitiger.comcast.leads.Tc_02_LeadTest" name="leadTest" time="0.0"/>
</testsuite> <!-- Command line test -->
