<?xml version="1.0" encoding="UTF-8"?>
<testng-results ignored="0" total="4" passed="4" failed="0" skipped="0">
  <reporter-output>
  </reporter-output>
  <suite started-at="2021-09-03T00:10:35 IST" name="Command line suite" finished-at="2021-09-03T00:10:35 IST" duration-ms="84">
    <groups>
    </groups>
    <test started-at="2021-09-03T00:10:35 IST" name="Command line test" finished-at="2021-09-03T00:10:35 IST" duration-ms="84">
      <class name="com.vitiger.comcast.leads.Tc_01_OppTest">
        <test-method signature="Opp2Test()[pri:0, instance:com.vitiger.comcast.leads.Tc_01_OppTest@1ddf84b8]" started-at="2021-09-03T00:10:35 IST" name="Opp2Test" finished-at="2021-09-03T00:10:35 IST" duration-ms="10" status="PASS">
          <reporter-output>
          </reporter-output>
        </test-method> <!-- Opp2Test -->
        <test-method signature="OppTest()[pri:0, instance:com.vitiger.comcast.leads.Tc_01_OppTest@1ddf84b8]" started-at="2021-09-03T00:10:35 IST" name="OppTest" finished-at="2021-09-03T00:10:35 IST" duration-ms="0" status="PASS">
          <reporter-output>
          </reporter-output>
        </test-method> <!-- OppTest -->
      </class> <!-- com.vitiger.comcast.leads.Tc_01_OppTest -->
      <class name="com.vitiger.comcast.leads.Tc_02_LeadTest">
        <test-method signature="lead2Test()[pri:0, instance:com.vitiger.comcast.leads.Tc_02_LeadTest@1139b2f3]" started-at="2021-09-03T00:10:35 IST" name="lead2Test" finished-at="2021-09-03T00:10:35 IST" duration-ms="0" status="PASS">
          <reporter-output>
          </reporter-output>
        </test-method> <!-- lead2Test -->
        <test-method signature="leadTest()[pri:0, instance:com.vitiger.comcast.leads.Tc_02_LeadTest@1139b2f3]" started-at="2021-09-03T00:10:35 IST" name="leadTest" finished-at="2021-09-03T00:10:35 IST" duration-ms="0" status="PASS">
          <reporter-output>
          </reporter-output>
        </test-method> <!-- leadTest -->
      </class> <!-- com.vitiger.comcast.leads.Tc_02_LeadTest -->
    </test> <!-- Command line test -->
  </suite> <!-- Command line suite -->
</testng-results>
